<?xml version="1.0" encoding="UTF-8"?>
<testsuite xmlns:xsi="http://www.w3.org/2001/XMLSchema-instance" xsi:noNamespaceSchemaLocation="https://maven.apache.org/surefire/maven-surefire-plugin/xsd/surefire-test-report.xsd" version="3.0.2" name="resumate.source_code.SourceCodeApplicationTests" time="5.328" tests="1" errors="0" skipped="0" failures="0" flakes="0">
  <properties>
[...]
</properties>
  <testcase name="contextLoads" classname="resumate.source_code.SourceCodeApplicationTests" time="1.263">
    <system-out><![CDATA[17:46:50.329 [main] INFO org.springframework.test.context.support.AnnotationConfigContextLoaderUtils -- Could not detect default configuration classes for test class [resumate.source_code.SourceCodeApplicationTests]: SourceCodeApplicationTests does not declare any static, non-private, non-final, nested classes annotated with @Configuration.
17:46:50.511 [main] INFO org.springframework.boot.test.context.SpringBootTestContextBootstrapper -- Found @SpringBootConfiguration resumate.source_code.SourceCodeApplication for test class resumate.source_code.SourceCodeApplicationTests
17:46:50.623 [main] INFO org.springframework.test.context.support.AnnotationConfigContextLoaderUtils -- Could not detect default configuration classes for test class [resumate.source_code.SourceCodeApplicationTests]: SourceCodeApplicationTests does not declare any static, non-private, non-final, nested classes annotated with @Configuration.
17:46:50.625 [main] INFO org.springframework.boot.test.context.SpringBootTestContextBootstrapper -- Found @SpringBootConfiguration resumate.source_code.SourceCodeApplication for test class resumate.source_code.SourceCodeApplicationTests
17:46:50.722 [main] INFO org.springframework.boot.devtools.restart.RestartApplicationListener -- Restart disabled due to context in which it is running

  .   ____          _            __ _ _
 /\\ / ___'_ __ _ _(_)_ __  __ _ \ \ \ \
( ( )\___ | '_ | '_| | '_ \/ _` | \ \ \ \
 \\/  ___)| |_)| | | | | || (_| |  ) ) ) )
  '  |____| .__|_| |_|_| |_\__, | / / / /
 =========|_|==============|___/=/_/_/_/

 :: Spring Boot ::                (v4.1.0)

2026-09-15T17:46:51.107+07:00  INFO 3308 --- [Source code] [           main] r.s.SourceCodeApplicationTests           : Starting SourceCodeApplicationTests using Java 25.0.2 with PID 3308 (started by phamb in D:\Projects\Github\ResuMate---Solana\Source\BE)
2026-09-15T17:46:51.110+07:00  INFO 3308 --- [Source code] [           main] r.s.SourceCodeApplicationTests           : No active profile set, falling back to 1 default profile: "default"
2026-09-15T17:46:53.824+07:00  INFO 3308 --- [Source code] [           main] o.s.b.a.e.web.EndpointLinksResolver      : Exposing 1 endpoint beneath base path '/actuator'
2026-09-15T17:46:53.914+07:00  INFO 3308 --- [Source code] [           main] r.s.SourceCodeApplicationTests           : Started SourceCodeApplicationTests in 3.207 seconds (process running for 4.809)
]]></system-out>
    <system-err><![CDATA[Mockito is currently self-attaching to enable the inline-mock-maker. This will no longer work in future releases of the JDK. Please add Mockito as an agent to your build as described in Mockito's documentation: https://javadoc.io/doc/org.mockito/mockito-core/latest/org.mockito/org/mockito/Mockito.html#0.3
WARNING: A Java agent has been loaded dynamically (C:\Users\phamb\.m2\repository\net\bytebuddy\byte-buddy-agent\1.18.10\byte-buddy-agent-1.18.10.jar)
WARNING: If a serviceability tool is in use, please run with -XX:+EnableDynamicAgentLoading to hide this warning
WARNING: If a serviceability tool is not in use, please run with -Djdk.instrument.traceUsage for more information
WARNING: Dynamic loading of agents will be disallowed by default in a future release
]]></system-err>
  </testcase>
</testsuite>